2025-04-15 22:10:18.091784 - Received CBT.V508.FILE544.PDS from FILE544.XMI 
2025-04-15 22:10:18.093210 - Found $$$#DATE.txt (text/plain) in CBT.V508.FILE544.PDS, moved to PDS/$$$#DATE
2025-04-15 22:10:18.093654 - Found $$$NOTE1.txt (text/plain) in CBT.V508.FILE544.PDS, moved to PDS/$$$NOTE1
2025-04-15 22:10:18.094015 - Found $$$NOTE2.txt (text/plain) in CBT.V508.FILE544.PDS, moved to PDS/$$$NOTE2
2025-04-15 22:10:18.094071 - Found @FILE544.txt (text/plain) in CBT.V508.FILE544.PDS, moved to PDS/@FILE544
2025-04-15 22:10:18.094264 - Found IEBCOPYR.jcl (text/plain) in CBT.V508.FILE544.PDS, moved to PDS/IEBCOPYR
2025-04-15 22:10:18.095161 - Found PL360.txt (text/plain) in CBT.V508.FILE544.PDS, moved to PDS/PL360
2025-04-15 22:10:18.095350 - Found PL360C.txt (text/plain) in CBT.V508.FILE544.PDS, moved to PDS/PL360C
2025-04-15 22:10:18.095660 - Found PL360CG.txt (text/plain) in CBT.V508.FILE544.PDS, moved to PDS/PL360CG
2025-04-15 22:10:18.095963 - Found PL360CL.txt (text/plain) in CBT.V508.FILE544.PDS, moved to PDS/PL360CL
2025-04-15 22:10:18.096137 - Found PL360IVP.jcl (text/plain) in CBT.V508.FILE544.PDS, moved to PDS/PL360IVP
2025-04-15 22:10:18.096749 - Found PL360LOA.xmi (application/xmit) in CBT.V508.FILE544.PDS, moved to PDS/PL360LOA.xmi
2025-04-15 22:10:18.113571 - Received SBGOLOB.PL360A.LOADMOD from PL360LOA.xmi 
2025-04-15 22:10:18.114402 - Found BCDTOVAL.bin (application/octet-stream) in SBGOLOB.PL360A.LOADMOD, moved to PL360LOA/BCDTOVAL
2025-04-15 22:10:18.114532 - Found alias BISEARCH to BCDTOVAL in SBGOLOB.PL360A.LOADMOD, moved to PDS/BISEARCH
2025-04-15 22:10:18.114761 - Found CANCEL.bin (application/octet-stream) in SBGOLOB.PL360A.LOADMOD, moved to PL360LOA/CANCEL
2025-04-15 22:10:18.114837 - Found alias GET to OPEN in SBGOLOB.PL360A.LOADMOD, moved to PDS/GET
2025-04-15 22:10:18.114883 - Found alias KLOSE to OPEN in SBGOLOB.PL360A.LOADMOD, moved to PDS/KLOSE
2025-04-15 22:10:18.115183 - Found OPEN.bin (application/octet-stream) in SBGOLOB.PL360A.LOADMOD, moved to PL360LOA/OPEN
2025-04-15 22:10:18.115257 - Found alias PAGE to CANCEL in SBGOLOB.PL360A.LOADMOD, moved to PDS/PAGE
2025-04-15 22:10:18.115818 - Found PL360.bin (application/octet-stream) in SBGOLOB.PL360A.LOADMOD, moved to PL360LOA/PL360
2025-04-15 22:10:18.115896 - Found alias PRINT to CANCEL in SBGOLOB.PL360A.LOADMOD, moved to PDS/PRINT
2025-04-15 22:10:18.115942 - Found alias PUNCH to CANCEL in SBGOLOB.PL360A.LOADMOD, moved to PDS/PUNCH
2025-04-15 22:10:18.115985 - Found alias PUT to OPEN in SBGOLOB.PL360A.LOADMOD, moved to PDS/PUT
2025-04-15 22:10:18.116026 - Found alias READ to CANCEL in SBGOLOB.PL360A.LOADMOD, moved to PDS/READ
2025-04-15 22:10:18.116067 - Found alias SHELSORT to BCDTOVAL in SBGOLOB.PL360A.LOADMOD, moved to PDS/SHELSORT
2025-04-15 22:10:18.116108 - Found alias VALTOBCD to BCDTOVAL in SBGOLOB.PL360A.LOADMOD, moved to PDS/VALTOBCD
2025-04-15 22:10:18.116148 - Found alias WRITE to CANCEL in SBGOLOB.PL360A.LOADMOD, moved to PDS/WRITE
